0 info it worked if it ends with ok
1 verbose cli [ '/usr/bin/nodejs', '/usr/bin/npm', '-g', 'install', 'docpad' ]
2 info using npm@1.4.21
3 info using node@v0.10.25
4 verbose cache add [ 'docpad', null ]
5 verbose cache add name=undefined spec="docpad" args=["docpad",null]
6 verbose parsed url { protocol: null,
6 verbose parsed url   slashes: null,
6 verbose parsed url   auth: null,
6 verbose parsed url   host: null,
6 verbose parsed url   port: null,
6 verbose parsed url   hostname: null,
6 verbose parsed url   hash: null,
6 verbose parsed url   search: null,
6 verbose parsed url   query: null,
6 verbose parsed url   pathname: 'docpad',
6 verbose parsed url   path: 'docpad',
6 verbose parsed url   href: 'docpad' }
7 silly lockFile 0b0340b3-docpad docpad
8 verbose lock docpad /home/jadi/.npm/0b0340b3-docpad.lock
9 silly lockFile 0b0340b3-docpad docpad
10 silly lockFile 0b0340b3-docpad docpad
11 verbose addNamed [ 'docpad', '' ]
12 verbose addNamed [ null, '*' ]
13 silly lockFile b2a08634-docpad docpad@
14 verbose lock docpad@ /home/jadi/.npm/b2a08634-docpad.lock
15 silly addNameRange { name: 'docpad', range: '*', hasData: false }
16 verbose request where is /docpad
17 verbose request registry http://registry.npmjs.org/
18 verbose request id 45d4eae49a30b3d4
19 verbose url raw /docpad
20 verbose url resolving [ 'http://registry.npmjs.org/', './docpad' ]
21 verbose url resolved http://registry.npmjs.org/docpad
22 verbose request where is http://registry.npmjs.org/docpad
23 info trying registry request attempt 1 at 14:55:39
24 verbose etag "4UYMKT6UUCNBVHFO9H1X5RYZ2"
25 http GET http://registry.npmjs.org/docpad
26 http 200 http://registry.npmjs.org/docpad
27 silly registry.get cb [ 200,
27 silly registry.get   { server: 'CouchDB/1.5.0 (Erlang OTP/R16B03)',
27 silly registry.get     etag: '"B1ECTESC02LL36OQI8H1UV8BZ"',
27 silly registry.get     'content-type': 'application/json',
27 silly registry.get     'cache-control': 'max-age=300',
27 silly registry.get     'content-length': '1320842',
27 silly registry.get     'accept-ranges': 'bytes',
27 silly registry.get     date: 'Thu, 04 Feb 2016 11:25:40 GMT',
27 silly registry.get     via: '1.1 varnish',
27 silly registry.get     age: '0',
27 silly registry.get     connection: 'keep-alive',
27 silly registry.get     'x-served-by': 'cache-fra1224-FRA',
27 silly registry.get     'x-cache': 'HIT',
27 silly registry.get     'x-cache-hits': '1',
27 silly registry.get     'x-timer': 'S1454585139.923911,VS0,VE404',
27 silly registry.get     vary: 'Accept' } ]
28 silly addNameRange number 2 { name: 'docpad', range: '*', hasData: true }
29 silly addNameRange versions [ 'docpad',
29 silly addNameRange   [ '0.1.0',
29 silly addNameRange     '0.4.0',
29 silly addNameRange     '0.5.0',
29 silly addNameRange     '0.5.1',
29 silly addNameRange     '0.6.0',
29 silly addNameRange     '0.6.1',
29 silly addNameRange     '0.7.0',
29 silly addNameRange     '0.8.0',
29 silly addNameRange     '0.8.1',
29 silly addNameRange     '0.8.3',
29 silly addNameRange     '0.9.0',
29 silly addNameRange     '0.9.1',
29 silly addNameRange     '0.9.2',
29 silly addNameRange     '0.9.3',
29 silly addNameRange     '0.9.4',
29 silly addNameRange     '0.9.5',
29 silly addNameRange     '0.9.6',
29 silly addNameRange     '0.9.7',
29 silly addNameRange     '0.9.8',
29 silly addNameRange     '0.9.9',
29 silly addNameRange     '0.9.10',
29 silly addNameRange     '0.9.11',
29 silly addNameRange     '0.9.12',
29 silly addNameRange     '0.9.13',
29 silly addNameRange     '0.9.14',
29 silly addNameRange     '0.9.15',
29 silly addNameRange     '0.9.16',
29 silly addNameRange     '0.9.17',
29 silly addNameRange     '0.9.18',
29 silly addNameRange     '0.9.19',
29 silly addNameRange     '0.9.20',
29 silly addNameRange     '0.9.21',
29 silly addNameRange     '0.9.22',
29 silly addNameRange     '0.10.0',
29 silly addNameRange     '1.0.0',
29 silly addNameRange     '1.0.1',
29 silly addNameRange     '1.0.2',
29 silly addNameRange     '1.0.3',
29 silly addNameRange     '1.1.1',
29 silly addNameRange     '1.1.2',
29 silly addNameRange     '1.1.3',
29 silly addNameRange     '1.1.4',
29 silly addNameRange     '1.1.6',
29 silly addNameRange     '1.2.0',
29 silly addNameRange     '1.2.1',
29 silly addNameRange     '1.2.2',
29 silly addNameRange     '1.2.3',
29 silly addNameRange     '1.2.4',
29 silly addNameRange     '1.2.5',
29 silly addNameRange     '1.3.0',
29 silly addNameRange     '1.3.1',
29 silly addNameRange     '1.3.2',
29 silly addNameRange     '1.3.3',
29 silly addNameRange     '1.3.5',
29 silly addNameRange     '1.3.6',
29 silly addNameRange     '1.3.7',
29 silly addNameRange     '1.3.8',
29 silly addNameRange     '1.4.0',
29 silly addNameRange     '1.4.1',
29 silly addNameRange     '2.0.0',
29 silly addNameRange     '2.0.1',
29 silly addNameRange     '2.0.2',
29 silly addNameRange     '2.1.0',
29 silly addNameRange     '2.1.1',
29 silly addNameRange     '2.2.0',
29 silly addNameRange     '2.2.1',
29 silly addNameRange     '2.3.0',
29 silly addNameRange     '2.3.1',
29 silly addNameRange     '2.3.2',
29 silly addNameRange     '2.3.3',
29 silly addNameRange     '2.3.4',
29 silly addNameRange     '2.3.5',
29 silly addNameRange     '2.3.6',
29 silly addNameRange     '2.3.7',
29 silly addNameRange     '2.3.8',
29 silly addNameRange     '2.4.0',
29 silly addNameRange     '2.5.0',
29 silly addNameRange     '2.6.0',
29 silly addNameRange     '2.6.1',
29 silly addNameRange     '3.2.0',
29 silly addNameRange     '3.2.1',
29 silly addNameRange     '3.2.2',
29 silly addNameRange     '3.2.3',
29 silly addNameRange     '3.2.4',
29 silly addNameRange     '3.2.5',
29 silly addNameRange     '3.2.6',
29 silly addNameRange     '3.2.7',
29 silly addNameRange     '3.2.8',
29 silly addNameRange     '3.3.0',
29 silly addNameRange     '3.3.1',
29 silly addNameRange     '3.3.2',
29 silly addNameRange     '4.0.0',
29 silly addNameRange     '4.0.1',
29 silly addNameRange     '4.0.2',
29 silly addNameRange     '4.0.3',
29 silly addNameRange     '4.1.0',
29 silly addNameRange     '4.1.1',
29 silly addNameRange     '5.0.0',
29 silly addNameRange     '5.0.1',
29 silly addNameRange     '5.0.2',
29 silly addNameRange     '5.0.3',
29 silly addNameRange     '5.0.4',
29 silly addNameRange     '5.0.5',
29 silly addNameRange     '5.1.0',
29 silly addNameRange     '5.1.1',
29 silly addNameRange     '5.1.2',
29 silly addNameRange     '5.2.0',
29 silly addNameRange     '5.2.1',
29 silly addNameRange     '5.2.2',
29 silly addNameRange     '5.2.3',
29 silly addNameRange     '5.2.4',
29 silly addNameRange     '5.2.5',
29 silly addNameRange     '6.0.0',
29 silly addNameRange     '6.0.2',
29 silly addNameRange     '6.0.3',
29 silly addNameRange     '6.0.4',
29 silly addNameRange     '6.0.5',
29 silly addNameRange     '6.0.6',
29 silly addNameRange     '6.0.7',
29 silly addNameRange     '6.0.8',
29 silly addNameRange     '6.0.9',
29 silly addNameRange     '6.0.10',
29 silly addNameRange     '6.0.11',
29 silly addNameRange     '6.0.12',
29 silly addNameRange     '6.0.13',
29 silly addNameRange     '6.0.14',
29 silly addNameRange     '6.1.0',
29 silly addNameRange     '6.1.2',
29 silly addNameRange     '6.1.3',
29 silly addNameRange     '6.2.0',
29 silly addNameRange     '6.3.0',
29 silly addNameRange     '6.3.1',
29 silly addNameRange     '6.3.2',
29 silly addNameRange     '6.3.3',
29 silly addNameRange     '6.4.0',
29 silly addNameRange     '6.4.1',
29 silly addNameRange     '6.4.2',
29 silly addNameRange     '6.5.0-dev',
29 silly addNameRange     '6.5.1-dev',
29 silly addNameRange     '6.5.2-dev',
29 silly addNameRange     '6.5.3-dev',
29 silly addNameRange     '6.5.4',
29 silly addNameRange     '6.5.5',
29 silly addNameRange     '6.5.6',
29 silly addNameRange     '6.5.7',
29 silly addNameRange     '6.6.1',
29 silly addNameRange     '6.6.2',
29 silly addNameRange     '6.6.3',
29 silly addNameRange     '6.6.4',
29 silly addNameRange     '6.6.5',
29 silly addNameRange     '6.6.6',
29 silly addNameRange     '6.6.7',
29 silly addNameRange     '6.6.8',
29 silly addNameRange     '6.7.0',
29 silly addNameRange     '6.7.1',
29 silly addNameRange     '6.7.2',
29 silly addNameRange     '6.7.3',
29 silly addNameRange     '6.7.4',
29 silly addNameRange     '6.8.0',
29 silly addNameRange     '6.8.1',
29 silly addNameRange     '6.8.2',
29 silly addNameRange     '6.8.3',
29 silly addNameRange     '6.8.4',
29 silly addNameRange     '6.9.0',
29 silly addNameRange     '6.9.1',
29 silly addNameRange     '6.9.2',
29 silly addNameRange     '6.10.0',
29 silly addNameRange     '6.11.0',
29 silly addNameRange     '6.11.1',
29 silly addNameRange     '6.12.0',
29 silly addNameRange     '6.12.1',
29 silly addNameRange     '6.13.0',
29 silly addNameRange     '6.13.1',
29 silly addNameRange     '6.13.2',
29 silly addNameRange     '6.13.3',
29 silly addNameRange     '6.13.4',
29 silly addNameRange     '6.14.0',
29 silly addNameRange     '6.15.0',
29 silly addNameRange     '6.16.0',
29 silly addNameRange     '6.17.0',
29 silly addNameRange     '6.17.1',
29 silly addNameRange     '6.17.2',
29 silly addNameRange     '6.17.3',
29 silly addNameRange     '6.18.0',
29 silly addNameRange     '6.19.0',
29 silly addNameRange     '6.20.0',
29 silly addNameRange     '6.20.1',
29 silly addNameRange     '6.21.0',
29 silly addNameRange     '6.21.1',
29 silly addNameRange     '6.21.2',
29 silly addNameRange     '6.21.3',
29 silly addNameRange     '6.21.4',
29 silly addNameRange     '6.21.5',
29 silly addNameRange     '6.21.6',
29 silly addNameRange     '6.21.7',
29 silly addNameRange     '6.21.8',
29 silly addNameRange     '6.21.9',
29 silly addNameRange     '6.21.10',
29 silly addNameRange     '6.22.0',
29 silly addNameRange     '6.23.0',
29 silly addNameRange     '6.24.0',
29 silly addNameRange     '6.24.1',
29 silly addNameRange     '6.24.2',
29 silly addNameRange     '6.25.0',
29 silly addNameRange     '6.26.0',
29 silly addNameRange     '6.26.1',
29 silly addNameRange     '6.26.2',
29 silly addNameRange     '6.27.0',
29 silly addNameRange     '6.28.0',
29 silly addNameRange     '6.29.0',
29 silly addNameRange     '6.30.0',
29 silly addNameRange     '6.30.1',
29 silly addNameRange     '6.30.2',
29 silly addNameRange     '6.30.3',
29 silly addNameRange     '6.30.4',
29 silly addNameRange     '6.30.5',
29 silly addNameRange     '6.31.0',
29 silly addNameRange     '6.31.1',
29 silly addNameRange     '6.31.2',
29 silly addNameRange     '6.31.3',
29 silly addNameRange     '6.31.4',
29 silly addNameRange     '6.31.5',
29 silly addNameRange     '6.31.6',
29 silly addNameRange     '6.32.0',
29 silly addNameRange     '6.33.0',
29 silly addNameRange     '6.34.0',
29 silly addNameRange     '6.34.1',
29 silly addNameRange     '6.34.2',
29 silly addNameRange     '6.35.0',
29 silly addNameRange     '6.36.0',
29 silly addNameRange     '6.36.1',
29 silly addNameRange     '6.36.2',
29 silly addNameRange     '6.37.0',
29 silly addNameRange     '6.37.1',
29 silly addNameRange     '6.38.0',
29 silly addNameRange     '6.38.1',
29 silly addNameRange     '6.39.0',
29 silly addNameRange     '6.40.0',
29 silly addNameRange     '6.41.0',
29 silly addNameRange     '6.42.0',
29 silly addNameRange     '6.42.1',
29 silly addNameRange     '6.42.2',
29 silly addNameRange     '6.42.3',
29 silly addNameRange     '6.43.0',
29 silly addNameRange     '6.43.1',
29 silly addNameRange     '6.43.2',
29 silly addNameRange     '6.44.0',
29 silly addNameRange     '6.45.0',
29 silly addNameRange     '6.45.1',
29 silly addNameRange     '6.46.0',
29 silly addNameRange     '6.46.1',
29 silly addNameRange     '6.46.2',
29 silly addNameRange     '6.46.3',
29 silly addNameRange     '6.46.4',
29 silly addNameRange     '6.46.5',
29 silly addNameRange     '6.47.0',
29 silly addNameRange     '6.48.0',
29 silly addNameRange     '6.48.1',
29 silly addNameRange     '6.49.0',
29 silly addNameRange     '6.49.1',
29 silly addNameRange     '6.49.2',
29 silly addNameRange     '6.50.0',
29 silly addNameRange     '6.50.1',
29 silly addNameRange     '6.51.0',
29 silly addNameRange     '6.51.1',
29 silly addNameRange     '6.51.2',
29 silly addNameRange     '6.51.3',
29 silly addNameRange     '6.51.4',
29 silly addNameRange     '6.51.5',
29 silly addNameRange     '6.51.6',
29 silly addNameRange     '6.52.0',
29 silly addNameRange     '6.52.1',
29 silly addNameRange     '6.52.2',
29 silly addNameRange     '6.53.0',
29 silly addNameRange     '6.53.1',
29 silly addNameRange     '6.53.2',
29 silly addNameRange     '6.53.3',
29 silly addNameRange     '6.53.4',
29 silly addNameRange     '6.54.0',
29 silly addNameRange     '6.54.1',
29 silly addNameRange     '6.54.2',
29 silly addNameRange     '6.54.3',
29 silly addNameRange     '6.54.4',
29 silly addNameRange     '6.54.5',
29 silly addNameRange     '6.54.6',
29 silly addNameRange     '6.54.7',
29 silly addNameRange     '6.54.8',
29 silly addNameRange     '6.54.9',
29 silly addNameRange     '6.54.10',
29 silly addNameRange     '6.55.0',
29 silly addNameRange     '6.55.1',
29 silly addNameRange     '6.55.2',
29 silly addNameRange     '6.55.3',
29 silly addNameRange     '6.55.4',
29 silly addNameRange     '6.55.5',
29 silly addNameRange     '6.55.6',
29 silly addNameRange     '6.63.3',
29 silly addNameRange     '6.63.4',
29 silly addNameRange     '6.63.5',
29 silly addNameRange     '6.63.6',
29 silly addNameRange     '6.63.7',
29 silly addNameRange     '6.63.8',
29 silly addNameRange     '6.55.8',
29 silly addNameRange     '6.55.9',
29 silly addNameRange     '6.56.0',
29 silly addNameRange     '6.57.0',
29 silly addNameRange     '6.57.1',
29 silly addNameRange     '6.57.2',
29 silly addNameRange     '6.57.3',
29 silly addNameRange     '6.58.0',
29 silly addNameRange     '6.58.1',
29 silly addNameRange     '6.58.2',
29 silly addNameRange     '6.59.0',
29 silly addNameRange     '6.59.1',
29 silly addNameRange     '6.59.2',
29 silly addNameRange     '6.59.3',
29 silly addNameRange     '6.59.4',
29 silly addNameRange     '6.59.5',
29 silly addNameRange     '6.59.6',
29 silly addNameRange     '6.60.0',
29 silly addNameRange     '6.60.1',
29 silly addNameRange     '6.60.2',
29 silly addNameRange     '6.60.3',
29 silly addNameRange     '6.60.4',
29 silly addNameRange     '6.61.0',
29 silly addNameRange     '6.62.0',
29 silly addNameRange     '6.63.0',
29 silly addNameRange     '6.63.1',
29 silly addNameRange     '6.63.2',
29 silly addNameRange     '6.64.0',
29 silly addNameRange     '6.64.1',
29 silly addNameRange     '6.64.2',
29 silly addNameRange     '6.64.3',
29 silly addNameRange     '6.65.0',
29 silly addNameRange     '6.66.0',
29 silly addNameRange     '6.67.0',
29 silly addNameRange     '6.68.0',
29 silly addNameRange     '6.68.1',
29 silly addNameRange     '6.69.0',
29 silly addNameRange     '6.69.1',
29 silly addNameRange     '6.69.2',
29 silly addNameRange     '6.70.0',
29 silly addNameRange     '6.70.1',
29 silly addNameRange     '6.71.0',
29 silly addNameRange     '6.71.1',
29 silly addNameRange     '6.72.0',
29 silly addNameRange     '6.72.1',
29 silly addNameRange     '6.73.0',
29 silly addNameRange     '6.73.1',
29 silly addNameRange     '6.73.2',
29 silly addNameRange     '6.73.3',
29 silly addNameRange     '6.73.4',
29 silly addNameRange     '6.73.5',
29 silly addNameRange     '6.74.0',
29 silly addNameRange     '6.75.0',
29 silly addNameRange     '6.75.1',
29 silly addNameRange     '6.75.2',
29 silly addNameRange     '6.76.0',
29 silly addNameRange     '6.76.1',
29 silly addNameRange     '6.77.0',
29 silly addNameRange     '6.77.1',
29 silly addNameRange     '6.78.0',
29 silly addNameRange     '6.78.1',
29 silly addNameRange     '6.78.2',
29 silly addNameRange     '6.78.3',
29 silly addNameRange     '6.78.4' ] ]
30 verbose addNamed [ 'docpad', '6.78.4' ]
31 verbose addNamed [ '6.78.4', '6.78.4' ]
32 silly lockFile 81fb260a-docpad-6-78-4 docpad@6.78.4
33 verbose lock docpad@6.78.4 /home/jadi/.npm/81fb260a-docpad-6-78-4.lock
34 silly lockFile 81fb260a-docpad-6-78-4 docpad@6.78.4
35 silly lockFile 81fb260a-docpad-6-78-4 docpad@6.78.4
36 silly lockFile b2a08634-docpad docpad@
37 silly lockFile b2a08634-docpad docpad@
38 silly resolved [ { title: 'DocPad. Streamlined web development.',
38 silly resolved     name: 'docpad',
38 silly resolved     version: '6.78.4',
38 silly resolved     description: 'DocPad is a dynamic static site generator. Write your content as files, or import your content from other external sources. Render the content with plugins. And deploy your static or dynamic website to your favourite hosting provider.',
38 silly resolved     homepage: 'http://docpad.org',
38 silly resolved     installUrl: 'http://docpad.org/install',
38 silly resolved     upgradeUrl: 'http://docpad.org/upgrade',
38 silly resolved     license: 'MIT',
38 silly resolved     badges: { list: [Object], config: [Object] },
38 silly resolved     keywords:
38 silly resolved      [ 'document management system',
38 silly resolved        'dms',
38 silly resolved        'content management system',
38 silly resolved        'cms',
38 silly resolved        'static site generator',
38 silly resolved        'generator',
38 silly resolved        'static file server',
38 silly resolved        'server',
38 silly resolved        'web',
38 silly resolved        'web framework',
38 silly resolved        'framework',
38 silly resolved        'web development',
38 silly resolved        'development',
38 silly resolved        'dev',
38 silly resolved        'build and deployment',
38 silly resolved        'builder',
38 silly resolved        'build',
38 silly resolved        'compiler',
38 silly resolved        'compile',
38 silly resolved        'parser',
38 silly resolved        'parse',
38 silly resolved        'renderer',
38 silly resolved        'render',
38 silly resolved        'templating',
38 silly resolved        'templates',
38 silly resolved        'language agnostic',
38 silly resolved        'website',
38 silly resolved        'blog',
38 silly resolved        'cli',
38 silly resolved        'tool',
38 silly resolved        'utility',
38 silly resolved        'scaffold' ],
38 silly resolved     author:
38 silly resolved      { name: '2012+ Bevry Pty Ltd',
38 silly resolved        email: 'us@bevry.me',
38 silly resolved        url: 'http://bevry.me' },
38 silly resolved     sponsors:
38 silly resolved      [ 'Myplanet Digital <hello@myplanetdigital.com> (http://www.myplanetdigital.com)',
38 silly resolved        'Meeho! <info@meeho.net> (http://www.meeho.net)',
38 silly resolved        'Prismatik <hello@prismatik.com.au> (http://www.prismatik.com.au)',
38 silly resolved        'hybris <yaas-feedback@sap.com> (http://yaas.io/)' ],
38 silly resolved     maintainers: [ [Object], [Object], [Object] ],
38 silly resolved     contributors:
38 silly resolved      [ [Object],
38 silly resolved        [Object],
38 silly resolved        [Object],
38 silly resolved        [Object],
38 silly resolved        [Object],
38 silly resolved        [Object],
38 silly resolved        [Object],
38 silly resolved        [Object],
38 silly resolved        [Object],
38 silly resolved        [Object],
38 silly resolved        [Object],
38 silly resolved        [Object],
38 silly resolved        [Object],
38 silly resolved        [Object],
38 silly resolved        [Object],
38 silly resolved        [Object],
38 silly resolved        [Object],
38 silly resolved        [Object],
38 silly resolved        [Object],
38 silly resolved        [Object],
38 silly resolved        [Object],
38 silly resolved        [Object],
38 silly resolved        [Object],
38 silly resolved        [Object],
38 silly resolved        [Object],
38 silly resolved        [Object],
38 silly resolved        [Object],
38 silly resolved        [Object],
38 silly resolved        [Object],
38 silly resolved        [Object],
38 silly resolved        [Object],
38 silly resolved        [Object],
38 silly resolved        [Object],
38 silly resolved        [Object],
38 silly resolved        [Object],
38 silly resolved        [Object],
38 silly resolved        [Object],
38 silly resolved        [Object],
38 silly resolved        [Object],
38 silly resolved        [Object],
38 silly resolved        [Object],
38 silly resolved        [Object],
38 silly resolved        [Object],
38 silly resolved        [Object],
38 silly resolved        [Object],
38 silly resolved        [Object] ],
38 silly resolved     bugs: { url: 'https://github.com/docpad/docpad/issues' },
38 silly resolved     repository:
38 silly resolved      { type: 'git',
38 silly resolved        url: 'git+ssh://git@github.com/docpad/docpad.git' },
38 silly resolved     engines: { node: '>=0.10', npm: '>=2.5.0' },
38 silly resolved     dependencies:
38 silly resolved      { ambi: '^2.2.0',
38 silly resolved        backbone: '1.2.3',
38 silly resolved        'bal-util': '~2.5.1',
38 silly resolved        caterpillar: '^2.0.9',
38 silly resolved        'caterpillar-filter': '^2.0.3',
38 silly resolved        'caterpillar-human': '^2.1.1',
38 silly resolved        commander: '^2.7.1',
38 silly resolved        csextends: '^1.0.3',
38 silly resolved        cson: '^3.0.1',
38 silly resolved        eachr: '^2.0.2',
38 silly resolved        encoding: '~0.1.11',
38 silly resolved        envfile: '^1.0.0',
38 silly resolved        'event-emitter-grouped': '^2.4.3',
38 silly resolved        express: '^3.21.2',
38 silly resolved        extendr: '^2.1.0',
38 silly resolved        'extract-opts': '^3.0.1',
38 silly resolved        getmac: '^1.0.6',
38 silly resolved        hostenv: '^1.0.3',
38 silly resolved        ignorefs: '^1.0.0',
38 silly resolved        istextorbinary: '^1.0.0',
38 silly resolved        jschardet: '~1.3.0',
38 silly resolved        'lazy-require': '^2.0.0',
38 silly resolved        'method-override': '^2.3.2',
38 silly resolved        mime: '^1.3.4',
38 silly resolved        progressbar: '^1.0.3',
38 silly resolved        promptly: '~0.2.1',
38 silly resolved        'query-engine': '~1.5.5',
38 silly resolved        rimraf: '^2.2.8',
38 silly resolved        safefs: '^3.1.2',
38 silly resolved        safeps: '^5.1.0',
38 silly resolved        scandirectory: '^2.5.0',
38 silly resolved        semver: '^5.0.1',
38 silly resolved        superagent: '^1.1.0',
38 silly resolved        taskgroup: '^4.2.1',
38 silly resolved        typechecker: '^2.0.8',
38 silly resolved        underscore: '^1.8.2',
38 silly resolved        watchr: '^2.4.13',
38 silly resolved        yamljs: '~0.2.1' },
38 silly resolved     optionalDependencies: {},
38 silly resolved     devDependencies:
38 silly resolved      { 'assert-helpers': '^3.0.0',
38 silly resolved        'babel-eslint': '^4.0.10',
38 silly resolved        'coffee-script': '^1.9.1',
38 silly resolved        'docpad-plugin-coffeekup': '2',
38 silly resolved        'docpad-plugin-eco': '2',
38 silly resolved        'docpad-plugin-marked': '2',
38 silly resolved        eslint: '^1.2.1',
38 silly resolved        joe: '^1.6.0',
38 silly resolved        'joe-reporter-console': '^1.2.1',
38 silly resolved        moment: '^2.9.0',
38 silly resolved        projectz: '^1.0.1',
38 silly resolved        yuidocjs: '^0.9.0' },
38 silly resolved     directories: { lib: './out/lib' },
38 silly resolved     bin:
38 silly resolved      { docpad: './bin/docpad',
38 silly resolved        'docpad-compile': './bin/docpad-compile',
38 silly resolved        'docpad-debug': './bin/docpad-debug',
38 silly resolved        'docpad-server': './bin/docpad-server',
38 silly resolved        'docpad-trace': './bin/docpad-trace' },
38 silly resolved     scripts:
38 silly resolved      { clean: 'node --harmony nakefile.js clean',
38 silly resolved        setup: 'node --harmony nakefile.js setup',
38 silly resolved        compile: 'node --harmony nakefile.js compile',
38 silly resolved        watch: 'node --harmony nakefile.js watch',
38 silly resolved        verify: 'node --harmony nakefile.js verify',
38 silly resolved        meta: 'node --harmony nakefile.js meta',
38 silly resolved        prepare: 'node --harmony nakefile.js prepare',
38 silly resolved        release: 'node --harmony nakefile.js release',
38 silly resolved        test: 'node ./out/test/everything-test.js' },
38 silly resolved     main: './out/lib/docpad.js',
38 silly resolved     nakeConfiguration:
38 silly resolved      { COFFEE_SRC_PATH: 'src',
38 silly resolved        YUIDOC_SRC_PATH: 'src',
38 silly resolved        YUIDOC_SYNTAX: 'coffee' },
38 silly resolved     gitHead: 'a1a13b8fb8025fca8f8419cb567cf8cd9d2d55a1',
38 silly resolved     _id: 'docpad@6.78.4',
38 silly resolved     _shasum: '4d285512fe5f82111c4fbfb98637243025f098bb',
38 silly resolved     _from: 'docpad@',
38 silly resolved     _npmVersion: '3.3.2',
38 silly resolved     _nodeVersion: '4.0.0',
38 silly resolved     _npmUser: { name: 'balupton', email: 'b@lupton.cc' },
38 silly resolved     dist:
38 silly resolved      { shasum: '4d285512fe5f82111c4fbfb98637243025f098bb',
38 silly resolved        tarball: 'http://registry.npmjs.org/docpad/-/docpad-6.78.4.tgz' },
38 silly resolved     _resolved: 'http://registry.npmjs.org/docpad/-/docpad-6.78.4.tgz',
38 silly resolved     readme: 'ERROR: No README data found!' } ]
39 info install docpad@6.78.4 into /usr/local/lib
40 info installOne docpad@6.78.4
41 warn engine docpad@6.78.4: wanted: {"node":">=0.10","npm":">=2.5.0"} (current: {"node":"0.10.25","npm":"1.4.21"})
42 verbose lib/node_modules/docpad unbuild
43 verbose tar unpack /home/jadi/.npm/docpad/6.78.4/package.tgz
44 silly lockFile 48b24106-sr-local-lib-node-modules-docpad tar:///usr/local/lib/node_modules/docpad
45 verbose lock tar:///usr/local/lib/node_modules/docpad /home/jadi/.npm/48b24106-sr-local-lib-node-modules-docpad.lock
46 silly lockFile edf024ef-di-npm-docpad-6-78-4-package-tgz tar:///home/jadi/.npm/docpad/6.78.4/package.tgz
47 verbose lock tar:///home/jadi/.npm/docpad/6.78.4/package.tgz /home/jadi/.npm/edf024ef-di-npm-docpad-6-78-4-package-tgz.lock
48 silly gunzTarPerm modes [ '775', '664' ]
49 error tar.unpack untar error /home/jadi/.npm/docpad/6.78.4/package.tgz
50 silly lockFile 48b24106-sr-local-lib-node-modules-docpad tar:///usr/local/lib/node_modules/docpad
51 silly lockFile 48b24106-sr-local-lib-node-modules-docpad tar:///usr/local/lib/node_modules/docpad
52 silly lockFile edf024ef-di-npm-docpad-6-78-4-package-tgz tar:///home/jadi/.npm/docpad/6.78.4/package.tgz
53 silly lockFile edf024ef-di-npm-docpad-6-78-4-package-tgz tar:///home/jadi/.npm/docpad/6.78.4/package.tgz
54 verbose lib/node_modules/docpad unbuild
55 error Error: EACCES, mkdir '/usr/local/lib/node_modules'
55 error  { [Error: EACCES, mkdir '/usr/local/lib/node_modules']
55 error   errno: 3,
55 error   code: 'EACCES',
55 error   path: '/usr/local/lib/node_modules',
55 error   fstream_type: 'Directory',
55 error   fstream_path: '/usr/local/lib/node_modules/docpad',
55 error   fstream_class: 'DirWriter',
55 error   fstream_stack:
55 error    [ '/usr/lib/nodejs/fstream/lib/writer.js:171:23',
55 error      '/usr/lib/nodejs/mkdirp/index.js:46:53',
55 error      'Object.oncomplete (fs.js:107:15)' ] }
56 error Please try running this command again as root/Administrator.
57 error System Linux 4.2.0-27-generic
58 error command "/usr/bin/nodejs" "/usr/bin/npm" "-g" "install" "docpad"
59 error cwd /home/jadi/w/jff/justforfun
60 error node -v v0.10.25
61 error npm -v 1.4.21
62 error path /usr/local/lib/node_modules
63 error fstream_path /usr/local/lib/node_modules/docpad
64 error fstream_type Directory
65 error fstream_class DirWriter
66 error code EACCES
67 error errno 3
68 error stack Error: EACCES, mkdir '/usr/local/lib/node_modules'
69 error fstream_stack /usr/lib/nodejs/fstream/lib/writer.js:171:23
69 error fstream_stack /usr/lib/nodejs/mkdirp/index.js:46:53
69 error fstream_stack Object.oncomplete (fs.js:107:15)
70 verbose exit [ 3, true ]
